<?xml version="1.0" encoding="UTF-8"?>
<testsuite name="MiscTesting" tests="1" skipped="0" failures="0" errors="0" timestamp="2021-04-08T08:22:10" hostname="DESKTOP-7DS56H2" time="0.062">
  <properties/>
  <testcase name="testing the parser's variable paring stuff()" classname="MiscTesting" time="0.062"/>
  <system-out><![CDATA[	[4]TokenIdentifier: length(5), value(test1)
]]></system-out>
  <system-err><![CDATA[SLF4J: Failed to load class "org.slf4j.impl.StaticLoggerBinder".
SLF4J: Defaulting to no-operation (NOP) logger implementation
SLF4J: See http://www.slf4j.org/codes.html#StaticLoggerBinder for further details.
]]></system-err>
</testsuite>
